JDUnionSDK/build/intermediates/manifest_merge_blame_file/debug/manifest-merger-blame-debug-report.txt
1<?xml version="1.0" encoding="utf-8"?>
2<manifest xmlns:android="http://schemas.android.com/apk/res/android"
3    package="com.jd.jdsdk" >
4
5    <uses-sdk
6        android:minSdkVersion="14"
6-->src\main\AndroidManifest.xml
7        android:targetSdkVersion="26" />
7-->src\main\AndroidManifest.xml
8
9    <application android:allowBackup="true" >
9-->src\main\AndroidManifest.xml:4:5-14:19
9-->src\main\AndroidManifest.xml:4:18-44
10
11        <!-- 直接回呼 -->
12        <activity
12-->src\main\AndroidManifest.xml:7:9-13:20
13            android:name="com.kepler.jd.sdk.KeplerBackActivity"
13-->src\main\AndroidManifest.xml:7:43-94
14            android:exported="true"
14-->src\main\AndroidManifest.xml:7:19-42
15            android:theme="@android:style/Theme.Translucent" >
15-->src\main\AndroidManifest.xml:7:95-143
16            <intent-filter>
16-->src\main\AndroidManifest.xml:8:13-12:29
17                <action android:name="android.intent.action.VIEW" />
17-->src\main\AndroidManifest.xml:9:17-68
17-->src\main\AndroidManifest.xml:9:25-66
18
19                <category android:name="android.intent.category.DEFAULT" />
19-->src\main\AndroidManifest.xml:10:17-75
19-->src\main\AndroidManifest.xml:10:27-73
20
21                <data android:scheme="sdkback1123015431de0d77496791e033535f9d" />
21-->src\main\AndroidManifest.xml:11:17-81
21-->src\main\AndroidManifest.xml:11:23-79
22            </intent-filter>
23        </activity>
24    </application>
25
26</manifest>